android-app/app/build/intermediates/manifest_merge_blame_file/debug/manifest-merger-blame-debug-report.txt
1<?xml version="1.0" encoding="utf-8"?>
2<manifest xmlns:android="http://schemas.android.com/apk/res/android"
3    package="com.what2eat"
4    android:versionCode="1"
5    android:versionName="1.0" >
6
7    <uses-sdk
8        android:minSdkVersion="24"
9        android:targetSdkVersion="34" />
10
11    <!-- 网络权限 -->
12    <uses-permission android:name="android.permission.INTERNET" />
12-->src\main\AndroidManifest.xml:5:5-67
12-->src\main\AndroidManifest.xml:5:22-64
13    <uses-permission android:name="android.permission.ACCESS_NETWORK_STATE" />
13-->src\main\AndroidManifest.xml:6:5-79
13-->src\main\AndroidManifest.xml:6:22-76
14
15    <!-- 相机权限（扫码功能） -->
16    <uses-permission android:name="android.permission.CAMERA" />
16-->src\main\AndroidManifest.xml:9:5-65
16-->src\main\AndroidManifest.xml:9:22-62
17
18    <!-- 存储权限（选择图片） -->
19    <uses-permission android:name="android.permission.READ_EXTERNAL_STORAGE" />
19-->src\main\AndroidManifest.xml:12:5-80
19-->src\main\AndroidManifest.xml:12:22-77
20    <uses-permission android:name="android.permission.WRITE_EXTERNAL_STORAGE" />
20-->src\main\AndroidManifest.xml:13:5-81
20-->src\main\AndroidManifest.xml:13:22-78
21    <uses-permission android:name="android.permission.READ_MEDIA_IMAGES" />
21-->src\main\AndroidManifest.xml:14:5-76
21-->src\main\AndroidManifest.xml:14:22-73
22
23    <!-- 通知权限（Android 13+） -->
24    <uses-permission android:name="android.permission.POST_NOTIFICATIONS" />
24-->src\main\AndroidManifest.xml:17:5-77
24-->src\main\AndroidManifest.xml:17:22-74
25
26    <!-- 振动权限 -->
27    <uses-permission android:name="android.permission.VIBRATE" />
27-->src\main\AndroidManifest.xml:20:5-66
27-->src\main\AndroidManifest.xml:20:22-63
28
29    <!-- 前台服务权限 -->
30    <uses-permission android:name="android.permission.FOREGROUND_SERVICE" />
30-->src\main\AndroidManifest.xml:23:5-77
30-->src\main\AndroidManifest.xml:23:22-74
31    <uses-permission android:name="android.permission.FOREGROUND_SERVICE_DATA_SYNC" />
31-->src\main\AndroidManifest.xml:24:5-87
31-->src\main\AndroidManifest.xml:24:22-84
32    <uses-permission android:name="android.permission.WAKE_LOCK" />
32-->src\main\AndroidManifest.xml:25:5-68
32-->src\main\AndroidManifest.xml:25:22-65
33
34    <permission
34-->[androidx.core:core:1.9.0] AndroidManifest.xml:22:5-24:47
35        android:name="com.what2eat.DYNAMIC_RECEIVER_NOT_EXPORTED_PERMISSION"
35-->[androidx.core:core:1.9.0] AndroidManifest.xml:23:9-81
36        android:protectionLevel="signature" />
36-->[androidx.core:core:1.9.0] AndroidManifest.xml:24:9-44
37
38    <uses-permission android:name="com.what2eat.DYNAMIC_RECEIVER_NOT_EXPORTED_PERMISSION" /> <!-- Don't require camera, as this requires a rear camera. This allows it to work on the Nexus 7 -->
38-->[androidx.core:core:1.9.0] AndroidManifest.xml:26:5-97
38-->[androidx.core:core:1.9.0] AndroidManifest.xml:26:22-94
39    <uses-feature
39-->[com.journeyapps:zxing-android-embedded:4.3.0] AndroidManifest.xml:25:5-27:36
40        android:name="android.hardware.camera"
40-->[com.journeyapps:zxing-android-embedded:4.3.0] AndroidManifest.xml:26:9-47
41        android:required="false" />
41-->[com.journeyapps:zxing-android-embedded:4.3.0] AndroidManifest.xml:27:9-33
42    <uses-feature
42-->[com.journeyapps:zxing-android-embedded:4.3.0] AndroidManifest.xml:28:5-30:36
43        android:name="android.hardware.camera.front"
43-->[com.journeyapps:zxing-android-embedded:4.3.0] AndroidManifest.xml:29:9-53
44        android:required="false" /> <!-- TODO replace above two with next line after Android 4.2 -->
44-->[com.journeyapps:zxing-android-embedded:4.3.0] AndroidManifest.xml:30:9-33
45    <!-- <uses-feature android:name="android.hardware.camera.any"/> -->
46    <uses-feature
46-->[com.journeyapps:zxing-android-embedded:4.3.0] AndroidManifest.xml:33:5-35:36
47        android:name="android.hardware.camera.autofocus"
47-->[com.journeyapps:zxing-android-embedded:4.3.0] AndroidManifest.xml:34:9-57
48        android:required="false" />
48-->[com.journeyapps:zxing-android-embedded:4.3.0] AndroidManifest.xml:35:9-33
49    <uses-feature
49-->[com.journeyapps:zxing-android-embedded:4.3.0] AndroidManifest.xml:36:5-38:36
50        android:name="android.hardware.camera.flash"
50-->[com.journeyapps:zxing-android-embedded:4.3.0] AndroidManifest.xml:37:9-53
51        android:required="false" />
51-->[com.journeyapps:zxing-android-embedded:4.3.0] AndroidManifest.xml:38:9-33
52    <uses-feature
52-->[com.journeyapps:zxing-android-embedded:4.3.0] AndroidManifest.xml:39:5-41:36
53        android:name="android.hardware.screen.landscape"
53-->[com.journeyapps:zxing-android-embedded:4.3.0] AndroidManifest.xml:40:9-57
54        android:required="false" />
54-->[com.journeyapps:zxing-android-embedded:4.3.0] AndroidManifest.xml:41:9-33
55    <uses-feature
55-->[com.journeyapps:zxing-android-embedded:4.3.0] AndroidManifest.xml:42:5-44:36
56        android:name="android.hardware.wifi"
56-->[com.journeyapps:zxing-android-embedded:4.3.0] AndroidManifest.xml:43:9-45
57        android:required="false" />
57-->[com.journeyapps:zxing-android-embedded:4.3.0] AndroidManifest.xml:44:9-33
58
59    <application
59-->src\main\AndroidManifest.xml:27:5-124:19
60        android:allowBackup="true"
60-->src\main\AndroidManifest.xml:28:9-35
61        android:appComponentFactory="androidx.core.app.CoreComponentFactory"
61-->[androidx.core:core:1.9.0] AndroidManifest.xml:28:18-86
62        android:debuggable="true"
63        android:extractNativeLibs="false"
64        android:icon="@android:drawable/sym_def_app_icon"
64-->src\main\AndroidManifest.xml:29:9-58
65        android:label="@string/app_name"
65-->src\main\AndroidManifest.xml:30:9-41
66        android:roundIcon="@android:drawable/sym_def_app_icon"
66-->src\main\AndroidManifest.xml:31:9-63
67        android:supportsRtl="true"
67-->src\main\AndroidManifest.xml:32:9-35
68        android:theme="@style/Theme.What2Eat"
68-->src\main\AndroidManifest.xml:34:9-46
69        android:usesCleartextTraffic="true" >
69-->src\main\AndroidManifest.xml:33:9-44
70
71        <!-- WebSocket前台服务 -->
72        <service
72-->src\main\AndroidManifest.xml:37:9-41:56
73            android:name="com.what2eat.service.WebSocketService"
73-->src\main\AndroidManifest.xml:38:13-53
74            android:enabled="true"
74-->src\main\AndroidManifest.xml:39:13-35
75            android:exported="false"
75-->src\main\AndroidManifest.xml:40:13-37
76            android:foregroundServiceType="dataSync" />
76-->src\main\AndroidManifest.xml:41:13-53
77
78        <!-- 启动页（登录/注册） -->
79        <activity
79-->src\main\AndroidManifest.xml:44:9-52:20
80            android:name="com.what2eat.ui.login.LoginActivity"
80-->src\main\AndroidManifest.xml:45:13-51
81            android:exported="true"
81-->src\main\AndroidManifest.xml:46:13-36
82            android:theme="@style/Theme.What2Eat" >
82-->src\main\AndroidManifest.xml:47:13-50
83            <intent-filter>
83-->src\main\AndroidManifest.xml:48:13-51:29
84                <action android:name="android.intent.action.MAIN" />
84-->src\main\AndroidManifest.xml:49:17-69
84-->src\main\AndroidManifest.xml:49:25-66
85
86                <category android:name="android.intent.category.LAUNCHER" />
86-->src\main\AndroidManifest.xml:50:17-77
86-->src\main\AndroidManifest.xml:50:27-74
87            </intent-filter>
88        </activity>
89
90        <!-- 主页 -->
91        <activity
91-->src\main\AndroidManifest.xml:55:9-57:40
92            android:name="com.what2eat.ui.main.MainActivity"
92-->src\main\AndroidManifest.xml:56:13-49
93            android:exported="false" />
93-->src\main\AndroidManifest.xml:57:13-37
94
95        <!-- 点菜页面 -->
96        <activity
96-->src\main\AndroidManifest.xml:60:9-62:40
97            android:name="com.what2eat.ui.menu.MenuActivity"
97-->src\main\AndroidManifest.xml:61:13-49
98            android:exported="false" />
98-->src\main\AndroidManifest.xml:62:13-37
99
100        <!-- 推送记录页面 -->
101        <activity
101-->src\main\AndroidManifest.xml:65:9-68:47
102            android:name="com.what2eat.ui.push.PushListActivity"
102-->src\main\AndroidManifest.xml:66:13-53
103            android:exported="false"
103-->src\main\AndroidManifest.xml:67:13-37
104            android:launchMode="singleTask" />
104-->src\main\AndroidManifest.xml:68:13-44
105
106        <!-- 好友列表页面 -->
107        <activity
107-->src\main\AndroidManifest.xml:71:9-73:40
108            android:name="com.what2eat.ui.friend.FriendListActivity"
108-->src\main\AndroidManifest.xml:72:13-57
109            android:exported="false" />
109-->src\main\AndroidManifest.xml:73:13-37
110
111        <!-- 分类管理页面 -->
112        <activity
112-->src\main\AndroidManifest.xml:76:9-78:40
113            android:name="com.what2eat.ui.category.CategoryManageActivity"
113-->src\main\AndroidManifest.xml:77:13-63
114            android:exported="false" />
114-->src\main\AndroidManifest.xml:78:13-37
115
116        <!-- 二维码页面 -->
117        <activity
117-->src\main\AndroidManifest.xml:81:9-83:40
118            android:name="com.what2eat.ui.qrcode.QRCodeActivity"
118-->src\main\AndroidManifest.xml:82:13-53
119            android:exported="false" />
119-->src\main\AndroidManifest.xml:83:13-37
120
121        <!-- 扫描页面 -->
122        <activity
122-->src\main\AndroidManifest.xml:86:9-89:65
123            android:name="com.what2eat.ui.qrcode.ScanActivity"
123-->src\main\AndroidManifest.xml:87:13-51
124            android:exported="false"
124-->src\main\AndroidManifest.xml:88:13-37
125            android:theme="@style/Theme.What2Eat.NoActionBar" />
125-->src\main\AndroidManifest.xml:89:13-62
126
127        <!-- 上传菜品页面 -->
128        <activity
128-->src\main\AndroidManifest.xml:92:9-94:40
129            android:name="com.what2eat.ui.upload.UploadActivity"
129-->src\main\AndroidManifest.xml:93:13-53
130            android:exported="false" />
130-->src\main\AndroidManifest.xml:94:13-37
131
132        <!-- 相册页面 -->
133        <activity
133-->src\main\AndroidManifest.xml:97:9-99:40
134            android:name="com.what2eat.ui.photo.PhotoActivity"
134-->src\main\AndroidManifest.xml:98:13-51
135            android:exported="false" />
135-->src\main\AndroidManifest.xml:99:13-37
136
137        <!-- 照片详情页面（大图查看） -->
138        <activity
138-->src\main\AndroidManifest.xml:102:9-106:55
139            android:name="com.what2eat.ui.photo.PhotoDetailActivity"
139-->src\main\AndroidManifest.xml:103:13-57
140            android:exported="false"
140-->src\main\AndroidManifest.xml:104:13-37
141            android:screenOrientation="unspecified"
141-->src\main\AndroidManifest.xml:106:13-52
142            android:theme="@style/Theme.What2Eat.NoActionBar" />
142-->src\main\AndroidManifest.xml:105:13-62
143
144        <!-- 百度网盘授权页面 -->
145        <activity
145-->src\main\AndroidManifest.xml:109:9-111:40
146            android:name="com.what2eat.ui.photo.BaiduOAuthActivity"
146-->src\main\AndroidManifest.xml:110:13-56
147            android:exported="false" />
147-->src\main\AndroidManifest.xml:111:13-37
148
149        <!-- FileProvider用于相机拍照 -->
150        <provider
151            android:name="androidx.core.content.FileProvider"
151-->src\main\AndroidManifest.xml:115:13-62
152            android:authorities="com.what2eat.fileprovider"
152-->src\main\AndroidManifest.xml:116:13-64
153            android:exported="false"
153-->src\main\AndroidManifest.xml:117:13-37
154            android:grantUriPermissions="true" >
154-->src\main\AndroidManifest.xml:118:13-47
155            <meta-data
155-->src\main\AndroidManifest.xml:119:13-121:54
156                android:name="android.support.FILE_PROVIDER_PATHS"
156-->src\main\AndroidManifest.xml:120:17-67
157                android:resource="@xml/file_paths" />
157-->src\main\AndroidManifest.xml:121:17-51
158        </provider>
159        <provider
159-->[androidx.emoji2:emoji2:1.2.0] AndroidManifest.xml:24:9-32:20
160            android:name="androidx.startup.InitializationProvider"
160-->[androidx.emoji2:emoji2:1.2.0] AndroidManifest.xml:25:13-67
161            android:authorities="com.what2eat.androidx-startup"
161-->[androidx.emoji2:emoji2:1.2.0] AndroidManifest.xml:26:13-68
162            android:exported="false" >
162-->[androidx.emoji2:emoji2:1.2.0] AndroidManifest.xml:27:13-37
163            <meta-data
163-->[androidx.emoji2:emoji2:1.2.0] AndroidManifest.xml:29:13-31:52
164                android:name="androidx.emoji2.text.EmojiCompatInitializer"
164-->[androidx.emoji2:emoji2:1.2.0] AndroidManifest.xml:30:17-75
165                android:value="androidx.startup" />
165-->[androidx.emoji2:emoji2:1.2.0] AndroidManifest.xml:31:17-49
166            <meta-data
166-->[androidx.lifecycle:lifecycle-process:2.7.0] AndroidManifest.xml:29:13-31:52
167                android:name="androidx.lifecycle.ProcessLifecycleInitializer"
167-->[androidx.lifecycle:lifecycle-process:2.7.0] AndroidManifest.xml:30:17-78
168                android:value="androidx.startup" />
168-->[androidx.lifecycle:lifecycle-process:2.7.0] AndroidManifest.xml:31:17-49
169            <meta-data
169-->[androidx.profileinstaller:profileinstaller:1.3.0] AndroidManifest.xml:29:13-31:52
170                android:name="androidx.profileinstaller.ProfileInstallerInitializer"
170-->[androidx.profileinstaller:profileinstaller:1.3.0] AndroidManifest.xml:30:17-85
171                android:value="androidx.startup" />
171-->[androidx.profileinstaller:profileinstaller:1.3.0] AndroidManifest.xml:31:17-49
172        </provider>
173
174        <activity
174-->[com.journeyapps:zxing-android-embedded:4.3.0] AndroidManifest.xml:47:9-53:63
175            android:name="com.journeyapps.barcodescanner.CaptureActivity"
175-->[com.journeyapps:zxing-android-embedded:4.3.0] AndroidManifest.xml:48:13-74
176            android:clearTaskOnLaunch="true"
176-->[com.journeyapps:zxing-android-embedded:4.3.0] AndroidManifest.xml:49:13-45
177            android:screenOrientation="sensorLandscape"
177-->[com.journeyapps:zxing-android-embedded:4.3.0] AndroidManifest.xml:50:13-56
178            android:stateNotNeeded="true"
178-->[com.journeyapps:zxing-android-embedded:4.3.0] AndroidManifest.xml:51:13-42
179            android:theme="@style/zxing_CaptureTheme"
179-->[com.journeyapps:zxing-android-embedded:4.3.0] AndroidManifest.xml:52:13-54
180            android:windowSoftInputMode="stateAlwaysHidden" />
180-->[com.journeyapps:zxing-android-embedded:4.3.0] AndroidManifest.xml:53:13-60
181
182        <receiver
182-->[androidx.profileinstaller:profileinstaller:1.3.0] AndroidManifest.xml:34:9-52:20
183            android:name="androidx.profileinstaller.ProfileInstallReceiver"
183-->[androidx.profileinstaller:profileinstaller:1.3.0] AndroidManifest.xml:35:13-76
184            android:directBootAware="false"
184-->[androidx.profileinstaller:profileinstaller:1.3.0] AndroidManifest.xml:36:13-44
185            android:enabled="true"
185-->[androidx.profileinstaller:profileinstaller:1.3.0] AndroidManifest.xml:37:13-35
186            android:exported="true"
186-->[androidx.profileinstaller:profileinstaller:1.3.0] AndroidManifest.xml:38:13-36
187            android:permission="android.permission.DUMP" >
187-->[androidx.profileinstaller:profileinstaller:1.3.0] AndroidManifest.xml:39:13-57
188            <intent-filter>
188-->[androidx.profileinstaller:profileinstaller:1.3.0] AndroidManifest.xml:40:13-42:29
189                <action android:name="androidx.profileinstaller.action.INSTALL_PROFILE" />
189-->[androidx.profileinstaller:profileinstaller:1.3.0] AndroidManifest.xml:41:17-91
189-->[androidx.profileinstaller:profileinstaller:1.3.0] AndroidManifest.xml:41:25-88
190            </intent-filter>
191            <intent-filter>
191-->[androidx.profileinstaller:profileinstaller:1.3.0] AndroidManifest.xml:43:13-45:29
192                <action android:name="androidx.profileinstaller.action.SKIP_FILE" />
192-->[androidx.profileinstaller:profileinstaller:1.3.0] AndroidManifest.xml:44:17-85
192-->[androidx.profileinstaller:profileinstaller:1.3.0] AndroidManifest.xml:44:25-82
193            </intent-filter>
194            <intent-filter>
194-->[androidx.profileinstaller:profileinstaller:1.3.0] AndroidManifest.xml:46:13-48:29
195                <action android:name="androidx.profileinstaller.action.SAVE_PROFILE" />
195-->[androidx.profileinstaller:profileinstaller:1.3.0] AndroidManifest.xml:47:17-88
195-->[androidx.profileinstaller:profileinstaller:1.3.0] AndroidManifest.xml:47:25-85
196            </intent-filter>
197            <intent-filter>
197-->[androidx.profileinstaller:profileinstaller:1.3.0] AndroidManifest.xml:49:13-51:29
198                <action android:name="androidx.profileinstaller.action.BENCHMARK_OPERATION" />
198-->[androidx.profileinstaller:profileinstaller:1.3.0] AndroidManifest.xml:50:17-95
198-->[androidx.profileinstaller:profileinstaller:1.3.0] AndroidManifest.xml:50:25-92
199            </intent-filter>
200        </receiver>
201    </application>
202
203</manifest>